<?xml version="1.0" encoding="UTF-8"?>
<!-- Generated by org.testng.reporters.JUnitReportReporter -->
<testsuite hostname="Vij" failures="0" tests="5" name="com.Capstone_Orange_HRM.Scenario1" time="51.546" errors="0" timestamp="2025-07-19T02:41:58 IST" skipped="0">
  <testcase classname="com.Capstone_Orange_HRM.Scenario1" name="Ohrmlogin" time="9.964"/>
  <testcase classname="com.Capstone_Orange_HRM.Scenario1" name="Ohrmlogin" time="10.045"/>
  <testcase classname="com.Capstone_Orange_HRM.Scenario1" name="Ohrmlogin" time="10.949"/>
  <testcase classname="com.Capstone_Orange_HRM.Scenario1" name="Ohrmlogin" time="10.798"/>
  <testcase classname="com.Capstone_Orange_HRM.Scenario1" name="Ohrmlogin" time="9.790"/>
</testsuite> <!-- com.Capstone_Orange_HRM.Scenario1 -->
