<?xml version="1.0" encoding="UTF-8"?>
<!-- Generated by org.testng.reporters.JUnitReportReporter -->
<testsuite hostname="Vij" failures="0" tests="5" name="com.CapstoneProject.OHRMProject.Scenario1_OHRM" time="24.740" errors="0" timestamp="2025-07-18T19:06:13 IST" skipped="0">
  <testcase classname="com.CapstoneProject.OHRMProject.Scenario1_OHRM" name="Ohrmlogin" time="5.819"/>
  <testcase classname="com.CapstoneProject.OHRMProject.Scenario1_OHRM" name="Ohrmlogin" time="8.996"/>
  <testcase classname="com.CapstoneProject.OHRMProject.Scenario1_OHRM" name="Ohrmlogin" time="4.290"/>
  <testcase classname="com.CapstoneProject.OHRMProject.Scenario1_OHRM" name="Ohrmlogin" time="3.191"/>
  <testcase classname="com.CapstoneProject.OHRMProject.Scenario1_OHRM" name="Ohrmlogin" time="2.444"/>
</testsuite> <!-- com.CapstoneProject.OHRMProject.Scenario1_OHRM -->
