<?xml version="1.0" encoding="UTF-8"?>
<!-- Generated by org.testng.reporters.JUnitReportReporter -->
<testsuite hostname="Vij" failures="0" tests="5" name="com.CapstoneProject.OHRMProject.Scenario1_OHRM" time="14.091" errors="0" timestamp="2025-07-14T17:10:16 IST" skipped="0">
  <testcase classname="com.CapstoneProject.OHRMProject.Scenario1_OHRM" name="Ohrmlogin" time="3.905"/>
  <testcase classname="com.CapstoneProject.OHRMProject.Scenario1_OHRM" name="Ohrmlogin" time="0.698"/>
  <testcase classname="com.CapstoneProject.OHRMProject.Scenario1_OHRM" name="Ohrmlogin" time="3.104"/>
  <testcase classname="com.CapstoneProject.OHRMProject.Scenario1_OHRM" name="Ohrmlogin" time="2.559"/>
  <testcase classname="com.CapstoneProject.OHRMProject.Scenario1_OHRM" name="Ohrmlogin" time="3.825"/>
</testsuite> <!-- com.CapstoneProject.OHRMProject.Scenario1_OHRM -->
