<?xml version="1.0" encoding="UTF-8"?>
<!-- Generated by org.testng.reporters.JUnitReportReporter -->
<testsuite hostname="Vij" failures="0" tests="5" name="com.CapstoneProject.OHRMProject.Scenario1_OHRM" time="29.030" errors="0" timestamp="2025-07-16T02:41:27 IST" skipped="0">
  <testcase classname="com.CapstoneProject.OHRMProject.Scenario1_OHRM" name="Ohrmlogin" time="5.170"/>
  <testcase classname="com.CapstoneProject.OHRMProject.Scenario1_OHRM" name="Ohrmlogin" time="6.546"/>
  <testcase classname="com.CapstoneProject.OHRMProject.Scenario1_OHRM" name="Ohrmlogin" time="5.271"/>
  <testcase classname="com.CapstoneProject.OHRMProject.Scenario1_OHRM" name="Ohrmlogin" time="5.851"/>
  <testcase classname="com.CapstoneProject.OHRMProject.Scenario1_OHRM" name="Ohrmlogin" time="6.192"/>
</testsuite> <!-- com.CapstoneProject.OHRMProject.Scenario1_OHRM -->
