<?xml version="1.0" encoding="UTF-8"?>
<!-- Generated by org.testng.reporters.JUnitReportReporter -->
<testsuite hostname="Vij" failures="0" tests="5" name="com.CapstoneProject.OHRMProject.Scenario1_OHRM" time="14.001" errors="0" timestamp="2025-07-15T13:58:21 IST" skipped="0">
  <testcase classname="com.CapstoneProject.OHRMProject.Scenario1_OHRM" name="Ohrmlogin" time="1.562"/>
  <testcase classname="com.CapstoneProject.OHRMProject.Scenario1_OHRM" name="Ohrmlogin" time="3.876"/>
  <testcase classname="com.CapstoneProject.OHRMProject.Scenario1_OHRM" name="Ohrmlogin" time="2.346"/>
  <testcase classname="com.CapstoneProject.OHRMProject.Scenario1_OHRM" name="Ohrmlogin" time="2.117"/>
  <testcase classname="com.CapstoneProject.OHRMProject.Scenario1_OHRM" name="Ohrmlogin" time="4.100"/>
</testsuite> <!-- com.CapstoneProject.OHRMProject.Scenario1_OHRM -->
