<?xml version="1.0" encoding="UTF-8"?>
<!-- Generated by org.testng.reporters.JUnitReportReporter -->
<testsuite hostname="Vij" failures="0" tests="5" name="scenario1.OHRM_DDT" time="53.263" errors="0" timestamp="2025-07-16T00:54:30 IST" skipped="0">
  <testcase classname="scenario1.OHRM_DDT" name="Ohrmlogin" time="11.419"/>
  <testcase classname="scenario1.OHRM_DDT" name="Ohrmlogin" time="9.865"/>
  <testcase classname="scenario1.OHRM_DDT" name="Ohrmlogin" time="10.355"/>
  <testcase classname="scenario1.OHRM_DDT" name="Ohrmlogin" time="10.024"/>
  <testcase classname="scenario1.OHRM_DDT" name="Ohrmlogin" time="11.600"/>
</testsuite> <!-- scenario1.OHRM_DDT -->
