<?xml version="1.0" encoding="UTF-8"?>
<!-- Generated by org.testng.reporters.JUnitReportReporter -->
<testsuite hostname="Vij" failures="0" tests="1" name="com.Capstone_Orange_HRM.Scenario2" time="20.034" errors="0" timestamp="2025-07-19T03:52:03 IST" skipped="0">
  <testcase classname="com.Capstone_Orange_HRM.Scenario2" name="testLogin_and_AdminPage" time="20.034"/>
</testsuite> <!-- com.Capstone_Orange_HRM.Scenario2 -->
