<?xml version="1.0" encoding="UTF-8"?>
<!-- Generated by org.testng.reporters.JUnitReportReporter -->
<testsuite hostname="Vij" failures="0" tests="5" name="com.Capstone_Orange_HRM.Scenario1_OHRM" time="14.188" errors="0" timestamp="2025-07-19T02:10:05 IST" skipped="0">
  <testcase classname="com.Capstone_Orange_HRM.Scenario1_OHRM" name="Ohrmlogin" time="0.914"/>
  <testcase classname="com.Capstone_Orange_HRM.Scenario1_OHRM" name="Ohrmlogin" time="1.813"/>
  <testcase classname="com.Capstone_Orange_HRM.Scenario1_OHRM" name="Ohrmlogin" time="3.059"/>
  <testcase classname="com.Capstone_Orange_HRM.Scenario1_OHRM" name="Ohrmlogin" time="2.992"/>
  <testcase classname="com.Capstone_Orange_HRM.Scenario1_OHRM" name="Ohrmlogin" time="5.410"/>
</testsuite> <!-- com.Capstone_Orange_HRM.Scenario1_OHRM -->
