<?xml version="1.0" encoding="UTF-8"?>
<!-- Generated by org.testng.reporters.JUnitReportReporter -->
<testsuite hostname="Vij" failures="0" tests="1" name="com.CapstoneProject.OHRMProject.Scenario2_OHRM" time="11.915" errors="0" timestamp="2025-07-18T18:39:00 IST" skipped="0">
  <testcase classname="com.CapstoneProject.OHRMProject.Scenario2_OHRM" name="testLogin_and_AdminPage" time="11.915"/>
</testsuite> <!-- com.CapstoneProject.OHRMProject.Scenario2_OHRM -->
