<?xml version="1.0" encoding="UTF-8"?>
<!-- Generated by org.testng.reporters.JUnitReportReporter -->
<testsuite hostname="Vij" failures="0" tests="1" name="com.CapstoneProject.OHRMProject.Scenario2_OHRM" time="9.452" errors="0" timestamp="2025-07-14T17:49:39 IST" skipped="0">
  <testcase classname="com.CapstoneProject.OHRMProject.Scenario2_OHRM" name="testLoginAndAdminFunctionality" time="9.452"/>
</testsuite> <!-- com.CapstoneProject.OHRMProject.Scenario2_OHRM -->
