<?xml version="1.0" encoding="UTF-8"?>
<!-- Generated by org.testng.reporters.JUnitReportReporter -->
<testsuite hostname="Vij" failures="0" tests="1" name="com.CapstoneProject.OHRMProject.Scenario2" time="19.856" errors="0" timestamp="2025-07-19T00:51:37 IST" skipped="0">
  <testcase classname="com.CapstoneProject.OHRMProject.Scenario2" name="testLogin_and_AdminPage" time="19.856"/>
</testsuite> <!-- com.CapstoneProject.OHRMProject.Scenario2 -->
